
Showing logs for build [32msalaboy-customer-waiting-room-a-s8fgw-18[0m stage [32mfrom-build-pack[0m and container [32mcredential-initializer[0m
{"level":"info","ts":1597074157.3521626,"caller":"creds-init/main.go:44","msg":"Credentials initialized."}

Showing logs for build [32msalaboy-customer-waiting-room-a-s8fgw-18[0m stage [32mfrom-build-pack[0m and container [32mworking-dir-initializer[0m

Showing logs for build [32msalaboy-customer-waiting-room-a-s8fgw-18[0m stage [32mfrom-build-pack[0m and container [32mplace-tools[0m

Showing logs for build [32msalaboy-customer-waiting-room-a-s8fgw-18[0m stage [32mfrom-build-pack[0m and container [32mstep-git-source-salaboy-customer-waiting-room-a-s8fgw-fj7sl[0m
{"level":"info","ts":1597074166.9184299,"caller":"git/git.go:105","msg":"Successfully cloned https://github.com/*******/customer-waiting-room-app.git @ v0.0.18 in path /workspace/source"}
{"level":"warn","ts":1597074166.918881,"caller":"git/git.go:152","msg":"Unexpected error: creating symlink: symlink /tekton/home/.ssh /root/.ssh: file exists"}
{"level":"info","ts":1597074166.9557095,"caller":"git/git.go:133","msg":"Successfully initialized and updated submodules in path /workspace/source"}

Showing logs for build [32msalaboy-customer-waiting-room-a-s8fgw-18[0m stage [32mfrom-build-pack[0m and container [32mstep-setup-builder-home[0m

Showing logs for build [32msalaboy-customer-waiting-room-a-s8fgw-18[0m stage [32mfrom-build-pack[0m and container [32mstep-git-merge[0m
Using SHAs from PULL_REFS=master:320be5d9df2a3f31dc8f2e7ef663f5e38ddc6e9a
WARNING: no SHAs to merge, falling back to initial cloned commit

Showing logs for build [32msalaboy-customer-waiting-room-a-s8fgw-18[0m stage [32mfrom-build-pack[0m and container [32mstep-setup-jx-git-credentials[0m
Generated Git credentials file /workspace/xdg_config/git/credentials

Showing logs for build [32msalaboy-customer-waiting-room-a-s8fgw-18[0m stage [32mfrom-build-pack[0m and container [32mstep-build-mvn-deploy[0m
Picked up _JAVA_OPTIONS: -XX:+UnlockExperimentalVMOptions -Dsun.zip.disableMemoryMapping=true -XX:+UseParallelGC -XX:MinHeapFreeRatio=5 -XX:MaxHeapFreeRatio=10 -XX:GCTimeRatio=4 -XX:AdaptiveSizePolicyWeight=90 -Xms10m -Xmx192m
[INFO] Scanning for projects...
[INFO] 
[INFO] -----------< com.*******.knative:customer-waiting-room-app >------------
[INFO] Building Knative Example :: Customer Waiting Room App 0.0.18
[INFO] --------------------------------[ jar ]---------------------------------
[INFO] 
[INFO] --- maven-clean-plugin:3.1.0:clean (default-clean) @ customer-waiting-room-app ---
[INFO] 
[INFO] --- maven-resources-plugin:3.1.0:resources (default-resources) @ customer-waiting-room-app ---
[INFO] Using 'UTF-8' encoding to copy filtered resources.
[INFO] Copying 1 resource
[INFO] Copying 17 resources
[INFO] 
[INFO] --- maven-compiler-plugin:3.8.1:compile (default-compile) @ customer-waiting-room-app ---
[INFO] Changes detected - recompiling the module!
[INFO] Compiling 3 source files to /workspace/source/target/classes
[INFO] 
[INFO] --- maven-resources-plugin:3.1.0:testResources (default-testResources) @ customer-waiting-room-app ---
[INFO] Using 'UTF-8' encoding to copy filtered resources.
[INFO] skip non existing resourceDirectory /workspace/source/src/test/resources
[INFO] 
[INFO] --- maven-compiler-plugin:3.8.1:testCompile (default-testCompile) @ customer-waiting-room-app ---
[INFO] Changes detected - recompiling the module!
[INFO] Compiling 1 source file to /workspace/source/target/test-classes
[INFO] 
[INFO] --- maven-surefire-plugin:3.0.0-M1:test (default-test) @ customer-waiting-room-app ---
[INFO] 
[INFO] -------------------------------------------------------
[INFO]  T E S T S
[INFO] -------------------------------------------------------
[WARNING] Corrupted STDOUT by directly writing to native stream in forked JVM 1. See FAQ web page and the dump file /workspace/source/target/surefire-reports/2020-08-10T15-43-17_778-jvmRun1.dumpstream
15:43:21.900 [main] DEBUG org.springframework.test.context.junit4.SpringJUnit4ClassRunner - SpringJUnit4ClassRunner constructor called with [class com.*******.knative.waitingroom.TicketsWebSiteServiceTests]
15:43:21.905 [main] DEBUG org.springframework.test.context.BootstrapUtils - Instantiating CacheAwareContextLoaderDelegate from class [org.springframework.test.context.cache.DefaultCacheAwareContextLoaderDelegate]
15:43:21.910 [main] DEBUG org.springframework.test.context.BootstrapUtils - Instantiating BootstrapContext using constructor [public org.springframework.test.context.support.DefaultBootstrapContext(java.lang.Class,org.springframework.test.context.CacheAwareContextLoaderDelegate)]
15:43:21.918 [main] DEBUG org.springframework.test.context.BootstrapUtils - Instantiating TestContextBootstrapper for test class [com.*******.knative.waitingroom.TicketsWebSiteServiceTests] from class [org.springframework.boot.test.context.SpringBootTestContextBootstrapper]
15:43:21.923 [main] INFO org.springframework.boot.test.context.SpringBootTestContextBootstrapper - Neither @ContextConfiguration nor @ContextHierarchy found for test class [com.*******.knative.waitingroom.TicketsWebSiteServiceTests], using SpringBootContextLoader
15:43:21.938 [main] DEBUG org.springframework.test.context.support.AbstractContextLoader - Did not detect default resource location for test class [com.*******.knative.waitingroom.TicketsWebSiteServiceTests]: class path resource [com/*******/knative/waitingroom/TicketsWebSiteServiceTests-context.xml] does not exist
15:43:21.942 [main] DEBUG org.springframework.test.context.support.AbstractContextLoader - Did not detect default resource location for test class [com.*******.knative.waitingroom.TicketsWebSiteServiceTests]: class path resource [com/*******/knative/waitingroom/TicketsWebSiteServiceTestsContext.groovy] does not exist
15:43:21.945 [main] INFO org.springframework.test.context.support.AbstractContextLoader - Could not detect default resource locations for test class [com.*******.knative.waitingroom.TicketsWebSiteServiceTests]: no resource found for suffixes {-context.xml, Context.groovy}.
15:43:21.954 [main] INFO org.springframework.test.context.support.AnnotationConfigContextLoaderUtils - Could not detect default configuration classes for test class [com.*******.knative.waitingroom.TicketsWebSiteServiceTests]: TicketsWebSiteServiceTests does not declare any static, non-private, non-final, nested classes annotated with @Configuration.
15:43:21.969 [main] DEBUG org.springframework.test.context.support.ActiveProfilesUtils - Could not find an 'annotation declaring class' for annotation type [org.springframework.test.context.ActiveProfiles] and class [com.*******.knative.waitingroom.TicketsWebSiteServiceTests]
15:43:21.975 [main] INFO org.springframework.boot.test.context.SpringBootTestContextBootstrapper - Found @SpringBootConfiguration com.*******.knative.waitingroom.TicketsWebSiteService for test class com.*******.knative.waitingroom.TicketsWebSiteServiceTests
15:43:22.055 [main] DEBUG org.springframework.boot.test.context.SpringBootTestContextBootstrapper - @TestExecutionListeners is not present for class [com.*******.knative.waitingroom.TicketsWebSiteServiceTests]: using defaults.
15:43:22.056 [main] INFO org.springframework.boot.test.context.SpringBootTestContextBootstrapper - Loaded default TestExecutionListener class names from location [META-INF/spring.factories]: [org.springframework.boot.test.mock.mockito.MockitoTestExecutionListener, org.springframework.boot.test.mock.mockito.ResetMocksTestExecutionListener, org.springframework.boot.test.autoconfigure.restdocs.RestDocsTestExecutionListener, org.springframework.boot.test.autoconfigure.web.client.MockRestServiceServerResetTestExecutionListener, org.springframework.boot.test.autoconfigure.web.servlet.MockMvcPrintOnlyOnFailureTestExecutionListener, org.springframework.boot.test.autoconfigure.web.servlet.WebDriverTestExecutionListener, org.springframework.boot.test.autoconfigure.webservices.client.MockWebServiceServerTestExecutionListener, org.springframework.test.context.web.ServletTestExecutionListener, org.springframework.test.context.support.DirtiesContextBeforeModesTestExecutionListener, org.springframework.test.context.support.DependencyInjectionTestExecutionListener, org.springframework.test.context.support.DirtiesContextTestExecutionListener, org.springframework.test.context.transaction.TransactionalTestExecutionListener, org.springframework.test.context.jdbc.SqlScriptsTestExecutionListener, org.springframework.test.context.event.EventPublishingTestExecutionListener]
15:43:22.070 [main] DEBUG org.springframework.boot.test.context.SpringBootTestContextBootstrapper - Skipping candidate TestExecutionListener [org.springframework.test.context.web.ServletTestExecutionListener] due to a missing dependency. Specify custom listener classes or make the default listener classes and their required dependencies available. Offending class: [javax/servlet/ServletContext]
15:43:22.071 [main] DEBUG org.springframework.boot.test.context.SpringBootTestContextBootstrapper - Skipping candidate TestExecutionListener [org.springframework.test.context.transaction.TransactionalTestExecutionListener] due to a missing dependency. Specify custom listener classes or make the default listener classes and their required dependencies available. Offending class: [org/springframework/transaction/TransactionDefinition]
15:43:22.073 [main] DEBUG org.springframework.boot.test.context.SpringBootTestContextBootstrapper - Skipping candidate TestExecutionListener [org.springframework.test.context.jdbc.SqlScriptsTestExecutionListener] due to a missing dependency. Specify custom listener classes or make the default listener classes and their required dependencies available. Offending class: [org/springframework/transaction/interceptor/TransactionAttribute]
15:43:22.076 [main] INFO org.springframework.boot.test.context.SpringBootTestContextBootstrapper - Using TestExecutionListeners: [org.springframework.test.context.support.DirtiesContextBeforeModesTestExecutionListener@56113384, org.springframework.boot.test.mock.mockito.MockitoTestExecutionListener@5669c5fb, org.springframework.boot.test.autoconfigure.SpringBootDependencyInjectionTestExecutionListener@373ebf74, org.springframework.test.context.support.DirtiesContextTestExecutionListener@5f9678e1, org.springframework.test.context.event.EventPublishingTestExecutionListener@c4ed84, org.springframework.boot.test.mock.mockito.ResetMocksTestExecutionListener@189aa67a, org.springframework.boot.test.autoconfigure.restdocs.RestDocsTestExecutionListener@5a9d6f02, org.springframework.boot.test.autoconfigure.web.client.MockRestServiceServerResetTestExecutionListener@362045c0, org.springframework.boot.test.autoconfigure.web.servlet.MockMvcPrintOnlyOnFailureTestExecutionListener@112f364d, org.springframework.boot.test.autoconfigure.web.servlet.WebDriverTestExecutionListener@5ccbeb64, org.springframework.boot.test.autoconfigure.webservices.client.MockWebServiceServerTestExecutionListener@6d9f7a80]
15:43:22.079 [main] DEBUG org.springframework.test.annotation.ProfileValueUtils - Retrieved @ProfileValueSourceConfiguration [null] for test class [com.*******.knative.waitingroom.TicketsWebSiteServiceTests]
15:43:22.081 [main] DEBUG org.springframework.test.annotation.ProfileValueUtils - Retrieved ProfileValueSource type [class org.springframework.test.annotation.SystemProfileValueSource] for class [com.*******.knative.waitingroom.TicketsWebSiteServiceTests]
15:43:22.087 [main] DEBUG org.springframework.test.annotation.ProfileValueUtils - Retrieved @ProfileValueSourceConfiguration [null] for test class [com.*******.knative.waitingroom.TicketsWebSiteServiceTests]
15:43:22.092 [main] DEBUG org.springframework.test.annotation.ProfileValueUtils - Retrieved ProfileValueSource type [class org.springframework.test.annotation.SystemProfileValueSource] for class [com.*******.knative.waitingroom.TicketsWebSiteServiceTests]
15:43:22.096 [main] DEBUG org.springframework.test.annotation.ProfileValueUtils - Retrieved @ProfileValueSourceConfiguration [null] for test class [com.*******.knative.waitingroom.TicketsWebSiteServiceTests]
15:43:22.099 [main] DEBUG org.springframework.test.annotation.ProfileValueUtils - Retrieved ProfileValueSource type [class org.springframework.test.annotation.SystemProfileValueSource] for class [com.*******.knative.waitingroom.TicketsWebSiteServiceTests]
15:43:22.445 [main] DEBUG org.springframework.test.annotation.ProfileValueUtils - Retrieved @ProfileValueSourceConfiguration [null] for test class [com.*******.knative.waitingroom.TicketsWebSiteServiceTests]
15:43:22.451 [main] DEBUG org.springframework.test.annotation.ProfileValueUtils - Retrieved ProfileValueSource type [class org.springframework.test.annotation.SystemProfileValueSource] for class [com.*******.knative.waitingroom.TicketsWebSiteServiceTests]
[INFO] Running com.*******.knative.waitingroom.TicketsWebSiteServiceTests
15:43:22.476 [main] DEBUG org.springframework.test.annotation.ProfileValueUtils - Retrieved @ProfileValueSourceConfiguration [null] for test class [com.*******.knative.waitingroom.TicketsWebSiteServiceTests]
15:43:22.483 [main] DEBUG org.springframework.test.annotation.ProfileValueUtils - Retrieved ProfileValueSource type [class org.springframework.test.annotation.SystemProfileValueSource] for class [com.*******.knative.waitingroom.TicketsWebSiteServiceTests]
15:43:22.484 [main] DEBUG org.springframework.test.annotation.ProfileValueUtils - Retrieved @ProfileValueSourceConfiguration [null] for test class [com.*******.knative.waitingroom.TicketsWebSiteServiceTests]
15:43:22.487 [main] DEBUG org.springframework.test.annotation.ProfileValueUtils - Retrieved ProfileValueSource type [class org.springframework.test.annotation.SystemProfileValueSource] for class [com.*******.knative.waitingroom.TicketsWebSiteServiceTests]
15:43:22.506 [main] DEBUG org.springframework.test.context.support.AbstractDirtiesContextTestExecutionListener - Before test class: context [DefaultTestContext@5b1f29fa testClass = TicketsWebSiteServiceTests, testInstance = [null], testMethod = [null], testException = [null], mergedContextConfiguration = [ReactiveWebMergedContextConfiguration@aeab9a1 testClass = TicketsWebSiteServiceTests, locations = '{}', classes = '{class com.*******.knative.waitingroom.TicketsWebSiteService}', contextInitializerClasses = '[]', activeProfiles = '{}', propertySourceLocations = '{}', propertySourceProperties = '{org.springframework.boot.test.context.SpringBootTestContextBootstrapper=true}', contextCustomizers = set[org.springframework.boot.test.context.filter.ExcludeFilterContextCustomizer@cc43f62, org.springframework.boot.test.json.DuplicateJsonObjectContextCustomizerFactory$DuplicateJsonObjectContextCustomizer@6caf0677, org.springframework.boot.test.mock.mockito.MockitoContextCustomizer@0, org.springframework.boot.test.web.client.TestRestTemplateContextCustomizer@7d9d0818, org.springframework.boot.test.web.reactive.server.WebTestClientContextCustomizer@7188af83, org.springframework.boot.test.autoconfigure.properties.PropertyMappingContextCustomizer@0, org.springframework.boot.test.autoconfigure.web.servlet.WebDriverContextCustomizerFactory$Customizer@4d0d9fe7, org.springframework.boot.test.context.SpringBootTestArgs@1], contextLoader = 'org.springframework.boot.test.context.SpringBootContextLoader', parent = [null]], attributes = map[[empty]]], class annotated with @DirtiesContext [false] with mode [null].
15:43:22.520 [main] DEBUG org.springframework.test.annotation.ProfileValueUtils - Retrieved @ProfileValueSourceConfiguration [null] for test class [com.*******.knative.waitingroom.TicketsWebSiteServiceTests]
15:43:22.526 [main] DEBUG org.springframework.test.annotation.ProfileValueUtils - Retrieved ProfileValueSource type [class org.springframework.test.annotation.SystemProfileValueSource] for class [com.*******.knative.waitingroom.TicketsWebSiteServiceTests]
15:43:22.536 [main] DEBUG org.springframework.test.context.support.DependencyInjectionTestExecutionListener - Performing dependency injection for test context [[DefaultTestContext@5b1f29fa testClass = TicketsWebSiteServiceTests, testInstance = com.*******.knative.waitingroom.TicketsWebSiteServiceTests@78fbff54, testMethod = [null], testException = [null], mergedContextConfiguration = [ReactiveWebMergedContextConfiguration@aeab9a1 testClass = TicketsWebSiteServiceTests, locations = '{}', classes = '{class com.*******.knative.waitingroom.TicketsWebSiteService}', contextInitializerClasses = '[]', activeProfiles = '{}', propertySourceLocations = '{}', propertySourceProperties = '{org.springframework.boot.test.context.SpringBootTestContextBootstrapper=true}', contextCustomizers = set[org.springframework.boot.test.context.filter.ExcludeFilterContextCustomizer@cc43f62, org.springframework.boot.test.json.DuplicateJsonObjectContextCustomizerFactory$DuplicateJsonObjectContextCustomizer@6caf0677, org.springframework.boot.test.mock.mockito.MockitoContextCustomizer@0, org.springframework.boot.test.web.client.TestRestTemplateContextCustomizer@7d9d0818, org.springframework.boot.test.web.reactive.server.WebTestClientContextCustomizer@7188af83, org.springframework.boot.test.autoconfigure.properties.PropertyMappingContextCustomizer@0, org.springframework.boot.test.autoconfigure.web.servlet.WebDriverContextCustomizerFactory$Customizer@4d0d9fe7, org.springframework.boot.test.context.SpringBootTestArgs@1], contextLoader = 'org.springframework.boot.test.context.SpringBootContextLoader', parent = [null]], attributes = map[[empty]]]].
15:43:22.622 [main] DEBUG org.springframework.test.context.support.TestPropertySourceUtils - Adding inlined properties to environment: {spring.jmx.enabled=false, org.springframework.boot.test.context.SpringBootTestContextBootstrapper=true}

  .   ____          _            __ _ _
 /\\ / ___'_ __ _ _(_)_ __  __ _ \ \ \ \
( ( )\___ | '_ | '_| | '_ \/ _` | \ \ \ \
 \\/  ___)| |_)| | | | | || (_| |  ) ) ) )
  '  |____| .__|_| |_|_| |_\__, | / / / /
 =========|_|==============|___/=/_/_/_/
 :: Spring Boot ::        (v2.3.2.RELEASE)

2020-08-10 15:43:24.836  INFO 70 --- [           main] c.s.k.w.TicketsWebSiteServiceTests       : No active profile set, falling back to default profiles: default
2020-08-10 15:43:27.429  INFO 70 --- [           main] o.s.cloud.context.scope.GenericScope     : BeanFactory id=42fd2d6c-c76f-333d-879f-e1f0048eab8a
2020-08-10 15:43:27.775  INFO 70 --- [           main] c.s.k.w.ReactiveWebSocketHandler         : >>> HANDLER: 661440732
2020-08-10 15:43:28.413  INFO 70 --- [           main] c.s.k.waitingroom.TicketsWebSiteService  : >>> Handler mapping here.. 
2020-08-10 15:43:32.859  INFO 70 --- [           main] o.s.c.g.r.RouteDefinitionRouteLocator    : Loaded RoutePredicateFactory [After]
2020-08-10 15:43:32.863  INFO 70 --- [           main] o.s.c.g.r.RouteDefinitionRouteLocator    : Loaded RoutePredicateFactory [Before]
2020-08-10 15:43:32.867  INFO 70 --- [           main] o.s.c.g.r.RouteDefinitionRouteLocator    : Loaded RoutePredicateFactory [Between]
2020-08-10 15:43:32.870  INFO 70 --- [           main] o.s.c.g.r.RouteDefinitionRouteLocator    : Loaded RoutePredicateFactory [Cookie]
2020-08-10 15:43:32.871  INFO 70 --- [           main] o.s.c.g.r.RouteDefinitionRouteLocator    : Loaded RoutePredicateFactory [Header]
2020-08-10 15:43:32.871  INFO 70 --- [           main] o.s.c.g.r.RouteDefinitionRouteLocator    : Loaded RoutePredicateFactory [Host]
2020-08-10 15:43:32.874  INFO 70 --- [           main] o.s.c.g.r.RouteDefinitionRouteLocator    : Loaded RoutePredicateFactory [Method]
2020-08-10 15:43:32.874  INFO 70 --- [           main] o.s.c.g.r.RouteDefinitionRouteLocator    : Loaded RoutePredicateFactory [Path]
2020-08-10 15:43:32.876  INFO 70 --- [           main] o.s.c.g.r.RouteDefinitionRouteLocator    : Loaded RoutePredicateFactory [Query]
2020-08-10 15:43:32.877  INFO 70 --- [           main] o.s.c.g.r.RouteDefinitionRouteLocator    : Loaded RoutePredicateFactory [ReadBodyPredicateFactory]
2020-08-10 15:43:32.878  INFO 70 --- [           main] o.s.c.g.r.RouteDefinitionRouteLocator    : Loaded RoutePredicateFactory [RemoteAddr]
2020-08-10 15:43:32.880  INFO 70 --- [           main] o.s.c.g.r.RouteDefinitionRouteLocator    : Loaded RoutePredicateFactory [Weight]
2020-08-10 15:43:32.883  INFO 70 --- [           main] o.s.c.g.r.RouteDefinitionRouteLocator    : Loaded RoutePredicateFactory [CloudFoundryRouteService]
2020-08-10 15:43:33.923  INFO 70 --- [           main] o.s.b.a.e.web.EndpointLinksResolver      : Exposing 3 endpoint(s) beneath base path '/actuator'
2020-08-10 15:43:35.987  INFO 70 --- [           main] c.s.k.w.TicketsWebSiteServiceTests       : Started TicketsWebSiteServiceTests in 13.351 seconds (JVM running for 17.57)
[INFO] Tests run: 1, Failures: 0, Errors: 0, Skipped: 0, Time elapsed: 14.323 s - in com.*******.knative.waitingroom.TicketsWebSiteServiceTests
[WARNING] ForkStarter IOException: org.springframework.test.context.CacheAwareContextLoaderDelegate)]
 using SpringBootContextLoader
 Context.groovy}.
 non-private, non-final, nested classes annotated with @Configuration.
 org.springframework.boot.test.mock.mockito.ResetMocksTestExecutionListener, org.springframework.boot.test.autoconfigure.restdocs.RestDocsTestExecutionListener, org.springframework.boot.test.autoconfigure.web.client.MockRestServiceServerResetTestExecutionListener, org.springframework.boot.test.autoconfigure.web.servlet.MockMvcPrintOnlyOnFailureTestExecutionListener, org.springframework.boot.test.autoconfigure.web.servlet.WebDriverTestExecutionListener, org.springframework.boot.test.autoconfigure.webservices.client.MockWebServiceServerTestExecutionListener, org.springframework.test.context.web.ServletTestExecutionListener, org.springframework.test.context.support.DirtiesContextBeforeModesTestExecutionListener, org.springframework.test.context.support.DependencyInjectionTestExecutionListener, org.springframework.test.context.support.DirtiesContextTestExecutionListener, org.springframework.test.context.transaction.TransactionalTestExecutionListener, org.springframework.test.context.jdbc.SqlScriptsTestExecutionListener, org.springframework.test.context.event.EventPublishingTestExecutionListener]
 org.springframework.boot.test.mock.mockito.MockitoTestExecutionListener@46944ca9, org.springframework.boot.test.autoconfigure.SpringBootDependencyInjectionTestExecutionListener@22bac7bc, org.springframework.test.context.support.DirtiesContextTestExecutionListener@63798ca7, org.springframework.test.context.event.EventPublishingTestExecutionListener@4612b856, org.springframework.boot.test.mock.mockito.ResetMocksTestExecutionListener@22875539, org.springframework.boot.test.autoconfigure.restdocs.RestDocsTestExecutionListener@5674e1f2, org.springframework.boot.test.autoconfigure.web.client.MockRestServiceServerResetTestExecutionListener@79c7532f, org.springframework.boot.test.autoconfigure.web.servlet.MockMvcPrintOnlyOnFailureTestExecutionListener@2a448449, org.springframework.boot.test.autoconfigure.web.servlet.WebDriverTestExecutionListener@32f232a5, org.springframework.boot.test.autoconfigure.webservices.client.MockWebServiceServerTestExecutionListener@43f82e78]. See the dump file /workspace/source/target/surefire-reports/2020-08-10T15-43-17_778-jvmRun1.dumpstream
[INFO] 
[INFO] Results:
[INFO] 
[INFO] Tests run: 1, Failures: 0, Errors: 0, Skipped: 0
[INFO] 
[INFO] 
[INFO] --- maven-jar-plugin:3.2.0:jar (default-jar) @ customer-waiting-room-app ---
[INFO] Building jar: /workspace/source/target/customer-waiting-room-app-0.0.18.jar
[INFO] 
[INFO] --- spring-boot-maven-plugin:2.3.2.RELEASE:repackage (repackage) @ customer-waiting-room-app ---
[INFO] Replacing main artifact with repackaged archive
[INFO] 
[INFO] --- maven-install-plugin:2.5.2:install (default-install) @ customer-waiting-room-app ---
[INFO] Installing /workspace/source/target/customer-waiting-room-app-0.0.18.jar to /home/jenkins/.mvnrepository/com/*******/knative/customer-waiting-room-app/0.0.18/customer-waiting-room-app-0.0.18.jar
[INFO] Installing /workspace/source/pom.xml to /home/jenkins/.mvnrepository/com/*******/knative/customer-waiting-room-app/0.0.18/customer-waiting-room-app-0.0.18.pom
[INFO] 
[INFO] --- maven-deploy-plugin:2.8.2:deploy (default-deploy) @ customer-waiting-room-app ---
[INFO] Using alternate deployment repository local-nexus::default::http://nexus/repository/maven-releases/
[INFO] ------------------------------------------------------------------------
[INFO] BUILD SUCCESS
[INFO] ------------------------------------------------------------------------
[INFO] Total time:  48.606 s
[INFO] Finished at: 2020-08-10T15:43:42Z
[INFO] ------------------------------------------------------------------------

Showing logs for build [32msalaboy-customer-waiting-room-a-s8fgw-18[0m stage [32mfrom-build-pack[0m and container [32mstep-build-skaffold-version[0m
v1.0.1

Showing logs for build [32msalaboy-customer-waiting-room-a-s8fgw-18[0m stage [32mfrom-build-pack[0m and container [32mstep-build-container-build[0m
E0810 15:43:44.845422       9 aws_credentials.go:77] while getting AWS credentials NoCredentialProviders: no valid providers in chain. Deprecated.
	For verbose messaging see aws.Config.CredentialsChainVerboseErrors
[36mINFO[0m[0001] Using dockerignore file: /workspace/source/.dockerignore 
[36mINFO[0m[0001] Retrieving image manifest openjdk:11-jre-slim 
E0810 15:43:45.338449       9 metadata.go:154] while reading 'google-dockercfg' metadata: http status code: 404 while fetching url http://metadata.google.internal./computeMetadata/v1/instance/attributes/google-dockercfg
E0810 15:43:45.341371       9 metadata.go:166] while reading 'google-dockercfg-url' metadata: http status code: 404 while fetching url http://metadata.google.internal./computeMetadata/v1/instance/attributes/google-dockercfg-url
[36mINFO[0m[0002] Retrieving image manifest openjdk:11-jre-slim 
[36mINFO[0m[0003] Built cross stage deps: map[]                
[36mINFO[0m[0003] Retrieving image manifest openjdk:11-jre-slim 
[36mINFO[0m[0005] Retrieving image manifest openjdk:11-jre-slim 
[36mINFO[0m[0006] Executing 0 build triggers                   
[36mINFO[0m[0006] cmd: EXPOSE                                  
[36mINFO[0m[0006] Adding exposed port: 8080/tcp                
[36mINFO[0m[0006] Resolving srcs [pom.xml target/lib*]...      
[36mINFO[0m[0006] Checking for cached layer gcr.io/camunda-researchanddevelopment/cache:6ef5ea12874b26c087efdb6be8e247fa9a7e98c842c7bea1135eccb19e9e76a9... 
[36mINFO[0m[0006] No cached layer found for cmd COPY pom.xml target/lib* /opt/lib/ 
[36mINFO[0m[0006] Resolving srcs [target/*.jar]...             
[36mINFO[0m[0006] Unpacking rootfs as cmd COPY pom.xml target/lib* /opt/lib/ requires it. 
[36mINFO[0m[0011] ENV PORT 8080                                
[36mINFO[0m[0011] No files changed in this command, skipping snapshotting. 
[36mINFO[0m[0011] ENV CLASSPATH /opt/lib                       
[36mINFO[0m[0011] No files changed in this command, skipping snapshotting. 
[36mINFO[0m[0011] EXPOSE 8080                                  
[36mINFO[0m[0011] cmd: EXPOSE                                  
[36mINFO[0m[0011] Adding exposed port: 8080/tcp                
[36mINFO[0m[0011] No files changed in this command, skipping snapshotting. 
[36mINFO[0m[0011] Resolving srcs [pom.xml target/lib*]...      
[36mINFO[0m[0011] COPY pom.xml target/lib* /opt/lib/           
[36mINFO[0m[0011] Resolving srcs [pom.xml target/lib*]...      
[36mINFO[0m[0011] Resolving 1 paths                            
[36mINFO[0m[0011] Taking snapshot of files...                  
[36mINFO[0m[0011] Resolving srcs [target/*.jar]...             
[36mINFO[0m[0011] Pushing layer gcr.io/camunda-researchanddevelopment/cache:6ef5ea12874b26c087efdb6be8e247fa9a7e98c842c7bea1135eccb19e9e76a9 to cache now 
[36mINFO[0m[0011] COPY target/*.jar /opt/app.jar               
[36mINFO[0m[0011] Resolving srcs [target/*.jar]...             
[36mINFO[0m[0011] Resolving 1 paths                            
[36mINFO[0m[0011] Taking snapshot of files...                  
[36mINFO[0m[0013] WORKDIR /opt                                 
[36mINFO[0m[0013] cmd: workdir                                 
[36mINFO[0m[0013] Changed working directory to /opt            
[36mINFO[0m[0013] No files changed in this command, skipping snapshotting. 
[36mINFO[0m[0013] CMD ["java", "-jar", "app.jar"]              
[36mINFO[0m[0013] No files changed in this command, skipping snapshotting. 
[36mINFO[0m[0013] Pushing layer gcr.io/camunda-researchanddevelopment/cache:00e1699cbc2c6000b6d0420481680471677c68ed108fa6e08d5f6ddf0c5ddcce to cache now 

Showing logs for build [32msalaboy-customer-waiting-room-a-s8fgw-18[0m stage [32mfrom-build-pack[0m and container [32mstep-build-post-build[0m
no CVE provider running in the current ** namespace so skip adding image to be analysed

Showing logs for build [32msalaboy-customer-waiting-room-a-s8fgw-18[0m stage [32mfrom-build-pack[0m and container [32mstep-promote-changelog[0m
Converted /workspace/source/charts/customer-waiting-room-app to an unshallow repository
Generating change log from git ref 08c13f4d2ae69be5923b3aa21209b5753849cf0f => eb52786ee64db0162716f25cfe6ff84e33499809
Associating user ******* in users.jenkins.io with email *******@gmail.com to git GitProvider user with login *******-1 as emails match
Adding label jenkins.io/git-github-userid=*******-1 to user ******* in users.jenkins.io
Associating user ******* in users.jenkins.io with email *******@gmail.com to git GitProvider user with login *******-1 as emails match
Adding label jenkins.io/git-github-userid=*******-1 to user ******* in users.jenkins.io
Finding issues in commit messages using git format
WARNING: No release found for *******/customer-waiting-room-app and tag v0.0.18 so creating a new release
Updated the release information at https://github.com/*******/customer-waiting-room-app/releases/tag/v0.0.18
generated: /workspace/source/charts/customer-waiting-room-app/templates/release.yaml
Created Release customer-waiting-room-app-0-0-18 resource in namespace **
Updating PipelineActivity *******-customer-waiting-room-app-master-18 with version 0.0.18
Updated PipelineActivities *******-customer-waiting-room-app-master-18 with release notes URL: https://github.com/*******/customer-waiting-room-app/releases/tag/v0.0.18

Showing logs for build [32msalaboy-customer-waiting-room-a-s8fgw-18[0m stage [32mfrom-build-pack[0m and container [32mstep-promote-helm-release[0m
WARNING: No $CHART_REPOSITORY defined so using the default value of: http://jenkins-x-chartmuseum:8080
Adding missing Helm repo: storage.googleapis.com https://storage.googleapis.com/chartmuseum.jenkins-x.io
Successfully added Helm repository storage.googleapis.com.
Adding missing Helm repo: jenkins-x-chartmuseum http://jenkins-x-chartmuseum:8080
Successfully added Helm repository jenkins-x-chartmuseum.
WARNING: No $CHART_REPOSITORY defined so using the default value of: http://jenkins-x-chartmuseum:8080
Uploading chart file customer-waiting-room-app-0.0.18.tgz to http://jenkins-x-chartmuseum:8080/api/charts
Received 201 response: {"saved":true}

Showing logs for build [32msalaboy-customer-waiting-room-a-s8fgw-18[0m stage [32mfrom-build-pack[0m and container [32mstep-promote-jx-promote[0m
WARNING: prow based install so skip waiting for the merge of Pull Requests to go green as currently there is an issue with gettingstatuses from the PR, see https://github.com/jenkins-x/**/issues/2410
WARNING: No $CHART_REPOSITORY defined so using the default value of: http://jenkins-x-chartmuseum:8080
Promoting app customer-waiting-room-app version 0.0.18 to namespace **-staging
Created Pull Request: https://github.com/*******/environment-zeebe-helm-new-staging/pull/76
Added label updatebot to Pull Request https://github.com/*******/environment-zeebe-helm-new-staging/pull/76
got git provider status pending from PR https://github.com/*******/environment-zeebe-helm-new-staging/pull/76
Pull Request https://github.com/*******/environment-zeebe-helm-new-staging/pull/76 is merged at sha a095b8d5596e3f9df87fb39b811f484ce4b59a84
Pull Request merged but we are not waiting for the update pipeline to complete!
