
Showing logs for build [32msalaboy-customer-waiting-room-a-7m9xp-7[0m stage [32mfrom-build-pack[0m and container [32mcredential-initializer[0m
{"level":"info","ts":1597049239.5871723,"caller":"creds-init/main.go:44","msg":"Credentials initialized."}

Showing logs for build [32msalaboy-customer-waiting-room-a-7m9xp-7[0m stage [32mfrom-build-pack[0m and container [32mworking-dir-initializer[0m

Showing logs for build [32msalaboy-customer-waiting-room-a-7m9xp-7[0m stage [32mfrom-build-pack[0m and container [32mplace-tools[0m

Showing logs for build [32msalaboy-customer-waiting-room-a-7m9xp-7[0m stage [32mfrom-build-pack[0m and container [32mstep-git-source-salaboy-customer-waiting-room-a-7m9xp-652cw[0m
{"level":"info","ts":1597049248.47613,"caller":"git/git.go:105","msg":"Successfully cloned https://github.com/*******/customer-waiting-room-app.git @ v0.0.7 in path /workspace/source"}
{"level":"warn","ts":1597049248.4764798,"caller":"git/git.go:152","msg":"Unexpected error: creating symlink: symlink /tekton/home/.ssh /root/.ssh: file exists"}
{"level":"info","ts":1597049248.5161526,"caller":"git/git.go:133","msg":"Successfully initialized and updated submodules in path /workspace/source"}

Showing logs for build [32msalaboy-customer-waiting-room-a-7m9xp-7[0m stage [32mfrom-build-pack[0m and container [32mstep-setup-builder-home[0m

Showing logs for build [32msalaboy-customer-waiting-room-a-7m9xp-7[0m stage [32mfrom-build-pack[0m and container [32mstep-git-merge[0m
Using SHAs from PULL_REFS=master:ca0ac9b6ff397f7bd6d5bcf26ea816757f5fa1b4
WARNING: no SHAs to merge, falling back to initial cloned commit

Showing logs for build [32msalaboy-customer-waiting-room-a-7m9xp-7[0m stage [32mfrom-build-pack[0m and container [32mstep-setup-jx-git-credentials[0m
Generated Git credentials file /workspace/xdg_config/git/credentials

Showing logs for build [32msalaboy-customer-waiting-room-a-7m9xp-7[0m stage [32mfrom-build-pack[0m and container [32mstep-build-mvn-deploy[0m
Picked up _JAVA_OPTIONS: -XX:+UnlockExperimentalVMOptions -Dsun.zip.disableMemoryMapping=true -XX:+UseParallelGC -XX:MinHeapFreeRatio=5 -XX:MaxHeapFreeRatio=10 -XX:GCTimeRatio=4 -XX:AdaptiveSizePolicyWeight=90 -Xms10m -Xmx192m
[INFO] Scanning for projects...
[INFO] 
[INFO] -----------< com.*******.knative:customer-waiting-room-app >------------
[INFO] Building Knative Example :: Customer Waiting Room App 0.0.7
[INFO] --------------------------------[ jar ]---------------------------------
[INFO] 
[INFO] --- maven-clean-plugin:3.1.0:clean (default-clean) @ customer-waiting-room-app ---
[INFO] 
[INFO] --- maven-resources-plugin:3.1.0:resources (default-resources) @ customer-waiting-room-app ---
[INFO] Using 'UTF-8' encoding to copy filtered resources.
[INFO] Copying 1 resource
[INFO] Copying 17 resources
[INFO] 
[INFO] --- maven-compiler-plugin:3.8.1:compile (default-compile) @ customer-waiting-room-app ---
[INFO] Changes detected - recompiling the module!
[INFO] Compiling 2 source files to /workspace/source/target/classes
[INFO] 
[INFO] --- maven-resources-plugin:3.1.0:testResources (default-testResources) @ customer-waiting-room-app ---
[INFO] Using 'UTF-8' encoding to copy filtered resources.
[INFO] skip non existing resourceDirectory /workspace/source/src/test/resources
[INFO] 
[INFO] --- maven-compiler-plugin:3.8.1:testCompile (default-testCompile) @ customer-waiting-room-app ---
[INFO] Changes detected - recompiling the module!
[INFO] Compiling 1 source file to /workspace/source/target/test-classes
[INFO] 
[INFO] --- maven-surefire-plugin:3.0.0-M1:test (default-test) @ customer-waiting-room-app ---
[INFO] 
[INFO] -------------------------------------------------------
[INFO]  T E S T S
[INFO] -------------------------------------------------------
[WARNING] Corrupted STDOUT by directly writing to native stream in forked JVM 1. See FAQ web page and the dump file /workspace/source/target/surefire-reports/2020-08-10T08-48-00_059-jvmRun1.dumpstream
08:48:04.228 [main] DEBUG org.springframework.test.context.junit4.SpringJUnit4ClassRunner - SpringJUnit4ClassRunner constructor called with [class com.*******.knative.waitingroom.TicketsWebSiteServiceTests]
08:48:04.239 [main] DEBUG org.springframework.test.context.BootstrapUtils - Instantiating CacheAwareContextLoaderDelegate from class [org.springframework.test.context.cache.DefaultCacheAwareContextLoaderDelegate]
08:48:04.239 [main] DEBUG org.springframework.test.context.BootstrapUtils - Instantiating BootstrapContext using constructor [public org.springframework.test.context.support.DefaultBootstrapContext(java.lang.Class,org.springframework.test.context.CacheAwareContextLoaderDelegate)]
08:48:04.243 [main] DEBUG org.springframework.test.context.BootstrapUtils - Instantiating TestContextBootstrapper for test class [com.*******.knative.waitingroom.TicketsWebSiteServiceTests] from class [org.springframework.boot.test.context.SpringBootTestContextBootstrapper]
08:48:04.245 [main] INFO org.springframework.boot.test.context.SpringBootTestContextBootstrapper - Neither @ContextConfiguration nor @ContextHierarchy found for test class [com.*******.knative.waitingroom.TicketsWebSiteServiceTests], using SpringBootContextLoader
08:48:04.253 [main] DEBUG org.springframework.test.context.support.AbstractContextLoader - Did not detect default resource location for test class [com.*******.knative.waitingroom.TicketsWebSiteServiceTests]: class path resource [com/*******/knative/waitingroom/TicketsWebSiteServiceTests-context.xml] does not exist
08:48:04.253 [main] DEBUG org.springframework.test.context.support.AbstractContextLoader - Did not detect default resource location for test class [com.*******.knative.waitingroom.TicketsWebSiteServiceTests]: class path resource [com/*******/knative/waitingroom/TicketsWebSiteServiceTestsContext.groovy] does not exist
08:48:04.255 [main] INFO org.springframework.test.context.support.AbstractContextLoader - Could not detect default resource locations for test class [com.*******.knative.waitingroom.TicketsWebSiteServiceTests]: no resource found for suffixes {-context.xml, Context.groovy}.
08:48:04.256 [main] INFO org.springframework.test.context.support.AnnotationConfigContextLoaderUtils - Could not detect default configuration classes for test class [com.*******.knative.waitingroom.TicketsWebSiteServiceTests]: TicketsWebSiteServiceTests does not declare any static, non-private, non-final, nested classes annotated with @Configuration.
08:48:04.262 [main] DEBUG org.springframework.test.context.support.ActiveProfilesUtils - Could not find an 'annotation declaring class' for annotation type [org.springframework.test.context.ActiveProfiles] and class [com.*******.knative.waitingroom.TicketsWebSiteServiceTests]
08:48:04.265 [main] INFO org.springframework.boot.test.context.SpringBootTestContextBootstrapper - Found @SpringBootConfiguration com.*******.knative.waitingroom.TicketsWebSiteService for test class com.*******.knative.waitingroom.TicketsWebSiteServiceTests
08:48:04.291 [main] DEBUG org.springframework.boot.test.context.SpringBootTestContextBootstrapper - @TestExecutionListeners is not present for class [com.*******.knative.waitingroom.TicketsWebSiteServiceTests]: using defaults.
08:48:04.302 [main] INFO org.springframework.boot.test.context.SpringBootTestContextBootstrapper - Loaded default TestExecutionListener class names from location [META-INF/spring.factories]: [org.springframework.boot.test.mock.mockito.MockitoTestExecutionListener, org.springframework.boot.test.mock.mockito.ResetMocksTestExecutionListener, org.springframework.boot.test.autoconfigure.restdocs.RestDocsTestExecutionListener, org.springframework.boot.test.autoconfigure.web.client.MockRestServiceServerResetTestExecutionListener, org.springframework.boot.test.autoconfigure.web.servlet.MockMvcPrintOnlyOnFailureTestExecutionListener, org.springframework.boot.test.autoconfigure.web.servlet.WebDriverTestExecutionListener, org.springframework.boot.test.autoconfigure.webservices.client.MockWebServiceServerTestExecutionListener, org.springframework.test.context.web.ServletTestExecutionListener, org.springframework.test.context.support.DirtiesContextBeforeModesTestExecutionListener, org.springframework.test.context.support.DependencyInjectionTestExecutionListener, org.springframework.test.context.support.DirtiesContextTestExecutionListener, org.springframework.test.context.transaction.TransactionalTestExecutionListener, org.springframework.test.context.jdbc.SqlScriptsTestExecutionListener, org.springframework.test.context.event.EventPublishingTestExecutionListener]
08:48:04.309 [main] DEBUG org.springframework.boot.test.context.SpringBootTestContextBootstrapper - Skipping candidate TestExecutionListener [org.springframework.test.context.web.ServletTestExecutionListener] due to a missing dependency. Specify custom listener classes or make the default listener classes and their required dependencies available. Offending class: [javax/servlet/ServletContext]
08:48:04.319 [main] DEBUG org.springframework.boot.test.context.SpringBootTestContextBootstrapper - Skipping candidate TestExecutionListener [org.springframework.test.context.transaction.TransactionalTestExecutionListener] due to a missing dependency. Specify custom listener classes or make the default listener classes and their required dependencies available. Offending class: [org/springframework/transaction/TransactionDefinition]
08:48:04.328 [main] DEBUG org.springframework.boot.test.context.SpringBootTestContextBootstrapper - Skipping candidate TestExecutionListener [org.springframework.test.context.jdbc.SqlScriptsTestExecutionListener] due to a missing dependency. Specify custom listener classes or make the default listener classes and their required dependencies available. Offending class: [org/springframework/transaction/interceptor/TransactionAttribute]
08:48:04.328 [main] INFO org.springframework.boot.test.context.SpringBootTestContextBootstrapper - Using TestExecutionListeners: [org.springframework.test.context.support.DirtiesContextBeforeModesTestExecutionListener@5f9678e1, org.springframework.boot.test.mock.mockito.MockitoTestExecutionListener@c4ed84, org.springframework.boot.test.autoconfigure.SpringBootDependencyInjectionTestExecutionListener@189aa67a, org.springframework.test.context.support.DirtiesContextTestExecutionListener@5a9d6f02, org.springframework.test.context.event.EventPublishingTestExecutionListener@362045c0, org.springframework.boot.test.mock.mockito.ResetMocksTestExecutionListener@112f364d, org.springframework.boot.test.autoconfigure.restdocs.RestDocsTestExecutionListener@5ccbeb64, org.springframework.boot.test.autoconfigure.web.client.MockRestServiceServerResetTestExecutionListener@6d9f7a80, org.springframework.boot.test.autoconfigure.web.servlet.MockMvcPrintOnlyOnFailureTestExecutionListener@59252cb6, org.springframework.boot.test.autoconfigure.web.servlet.WebDriverTestExecutionListener@31d0e481, org.springframework.boot.test.autoconfigure.webservices.client.MockWebServiceServerTestExecutionListener@3243b914]
08:48:04.330 [main] DEBUG org.springframework.test.annotation.ProfileValueUtils - Retrieved @ProfileValueSourceConfiguration [null] for test class [com.*******.knative.waitingroom.TicketsWebSiteServiceTests]
08:48:04.335 [main] DEBUG org.springframework.test.annotation.ProfileValueUtils - Retrieved ProfileValueSource type [class org.springframework.test.annotation.SystemProfileValueSource] for class [com.*******.knative.waitingroom.TicketsWebSiteServiceTests]
08:48:04.339 [main] DEBUG org.springframework.test.annotation.ProfileValueUtils - Retrieved @ProfileValueSourceConfiguration [null] for test class [com.*******.knative.waitingroom.TicketsWebSiteServiceTests]
08:48:04.341 [main] DEBUG org.springframework.test.annotation.ProfileValueUtils - Retrieved ProfileValueSource type [class org.springframework.test.annotation.SystemProfileValueSource] for class [com.*******.knative.waitingroom.TicketsWebSiteServiceTests]
08:48:04.345 [main] DEBUG org.springframework.test.annotation.ProfileValueUtils - Retrieved @ProfileValueSourceConfiguration [null] for test class [com.*******.knative.waitingroom.TicketsWebSiteServiceTests]
08:48:04.349 [main] DEBUG org.springframework.test.annotation.ProfileValueUtils - Retrieved ProfileValueSource type [class org.springframework.test.annotation.SystemProfileValueSource] for class [com.*******.knative.waitingroom.TicketsWebSiteServiceTests]
08:48:04.675 [main] DEBUG org.springframework.test.annotation.ProfileValueUtils - Retrieved @ProfileValueSourceConfiguration [null] for test class [com.*******.knative.waitingroom.TicketsWebSiteServiceTests]
08:48:04.683 [main] DEBUG org.springframework.test.annotation.ProfileValueUtils - Retrieved ProfileValueSource type [class org.springframework.test.annotation.SystemProfileValueSource] for class [com.*******.knative.waitingroom.TicketsWebSiteServiceTests]
[INFO] Running com.*******.knative.waitingroom.TicketsWebSiteServiceTests
08:48:04.715 [main] DEBUG org.springframework.test.annotation.ProfileValueUtils - Retrieved @ProfileValueSourceConfiguration [null] for test class [com.*******.knative.waitingroom.TicketsWebSiteServiceTests]
08:48:04.715 [main] DEBUG org.springframework.test.annotation.ProfileValueUtils - Retrieved ProfileValueSource type [class org.springframework.test.annotation.SystemProfileValueSource] for class [com.*******.knative.waitingroom.TicketsWebSiteServiceTests]
08:48:04.716 [main] DEBUG org.springframework.test.annotation.ProfileValueUtils - Retrieved @ProfileValueSourceConfiguration [null] for test class [com.*******.knative.waitingroom.TicketsWebSiteServiceTests]
08:48:04.716 [main] DEBUG org.springframework.test.annotation.ProfileValueUtils - Retrieved ProfileValueSource type [class org.springframework.test.annotation.SystemProfileValueSource] for class [com.*******.knative.waitingroom.TicketsWebSiteServiceTests]
08:48:04.751 [main] DEBUG org.springframework.test.context.support.AbstractDirtiesContextTestExecutionListener - Before test class: context [DefaultTestContext@774698ab testClass = TicketsWebSiteServiceTests, testInstance = [null], testMethod = [null], testException = [null], mergedContextConfiguration = [ReactiveWebMergedContextConfiguration@55342f40 testClass = TicketsWebSiteServiceTests, locations = '{}', classes = '{class com.*******.knative.waitingroom.TicketsWebSiteService}', contextInitializerClasses = '[]', activeProfiles = '{}', propertySourceLocations = '{}', propertySourceProperties = '{org.springframework.boot.test.context.SpringBootTestContextBootstrapper=true}', contextCustomizers = set[org.springframework.boot.test.context.filter.ExcludeFilterContextCustomizer@6caf0677, org.springframework.boot.test.json.DuplicateJsonObjectContextCustomizerFactory$DuplicateJsonObjectContextCustomizer@273444fe, org.springframework.boot.test.mock.mockito.MockitoContextCustomizer@0, org.springframework.boot.test.web.client.TestRestTemplateContextCustomizer@2b40ff9c, org.springframework.boot.test.web.reactive.server.WebTestClientContextCustomizer@247310d0, org.springframework.boot.test.autoconfigure.properties.PropertyMappingContextCustomizer@0, org.springframework.boot.test.autoconfigure.web.servlet.WebDriverContextCustomizerFactory$Customizer@536f2a7e, org.springframework.boot.test.context.SpringBootTestArgs@1], contextLoader = 'org.springframework.boot.test.context.SpringBootContextLoader', parent = [null]], attributes = map[[empty]]], class annotated with @DirtiesContext [false] with mode [null].
08:48:04.789 [main] DEBUG org.springframework.test.annotation.ProfileValueUtils - Retrieved @ProfileValueSourceConfiguration [null] for test class [com.*******.knative.waitingroom.TicketsWebSiteServiceTests]
08:48:04.799 [main] DEBUG org.springframework.test.annotation.ProfileValueUtils - Retrieved ProfileValueSource type [class org.springframework.test.annotation.SystemProfileValueSource] for class [com.*******.knative.waitingroom.TicketsWebSiteServiceTests]
08:48:04.846 [main] DEBUG org.springframework.test.context.support.DependencyInjectionTestExecutionListener - Performing dependency injection for test context [[DefaultTestContext@774698ab testClass = TicketsWebSiteServiceTests, testInstance = com.*******.knative.waitingroom.TicketsWebSiteServiceTests@45e37a7e, testMethod = [null], testException = [null], mergedContextConfiguration = [ReactiveWebMergedContextConfiguration@55342f40 testClass = TicketsWebSiteServiceTests, locations = '{}', classes = '{class com.*******.knative.waitingroom.TicketsWebSiteService}', contextInitializerClasses = '[]', activeProfiles = '{}', propertySourceLocations = '{}', propertySourceProperties = '{org.springframework.boot.test.context.SpringBootTestContextBootstrapper=true}', contextCustomizers = set[org.springframework.boot.test.context.filter.ExcludeFilterContextCustomizer@6caf0677, org.springframework.boot.test.json.DuplicateJsonObjectContextCustomizerFactory$DuplicateJsonObjectContextCustomizer@273444fe, org.springframework.boot.test.mock.mockito.MockitoContextCustomizer@0, org.springframework.boot.test.web.client.TestRestTemplateContextCustomizer@2b40ff9c, org.springframework.boot.test.web.reactive.server.WebTestClientContextCustomizer@247310d0, org.springframework.boot.test.autoconfigure.properties.PropertyMappingContextCustomizer@0, org.springframework.boot.test.autoconfigure.web.servlet.WebDriverContextCustomizerFactory$Customizer@536f2a7e, org.springframework.boot.test.context.SpringBootTestArgs@1], contextLoader = 'org.springframework.boot.test.context.SpringBootContextLoader', parent = [null]], attributes = map[[empty]]]].
08:48:05.023 [main] DEBUG org.springframework.test.context.support.TestPropertySourceUtils - Adding inlined properties to environment: {spring.jmx.enabled=false, org.springframework.boot.test.context.SpringBootTestContextBootstrapper=true}

  .   ____          _            __ _ _
 /\\ / ___'_ __ _ _(_)_ __  __ _ \ \ \ \
( ( )\___ | '_ | '_| | '_ \/ _` | \ \ \ \
 \\/  ___)| |_)| | | | | || (_| |  ) ) ) )
  '  |____| .__|_| |_|_| |_\__, | / / / /
 =========|_|==============|___/=/_/_/_/
 :: Spring Boot ::        (v2.3.2.RELEASE)

2020-08-10 08:48:07.444  INFO 74 --- [           main] c.s.k.w.TicketsWebSiteServiceTests       : No active profile set, falling back to default profiles: default
2020-08-10 08:48:10.781  INFO 74 --- [           main] o.s.cloud.context.scope.GenericScope     : BeanFactory id=42fd2d6c-c76f-333d-879f-e1f0048eab8a
2020-08-10 08:48:12.236  INFO 74 --- [           main] c.s.k.waitingroom.TicketsWebSiteService  : >>> Handler mapping here.. 
2020-08-10 08:48:17.163  INFO 74 --- [           main] o.s.c.g.r.RouteDefinitionRouteLocator    : Loaded RoutePredicateFactory [After]
2020-08-10 08:48:17.169  INFO 74 --- [           main] o.s.c.g.r.RouteDefinitionRouteLocator    : Loaded RoutePredicateFactory [Before]
2020-08-10 08:48:17.171  INFO 74 --- [           main] o.s.c.g.r.RouteDefinitionRouteLocator    : Loaded RoutePredicateFactory [Between]
2020-08-10 08:48:17.176  INFO 74 --- [           main] o.s.c.g.r.RouteDefinitionRouteLocator    : Loaded RoutePredicateFactory [Cookie]
2020-08-10 08:48:17.185  INFO 74 --- [           main] o.s.c.g.r.RouteDefinitionRouteLocator    : Loaded RoutePredicateFactory [Header]
2020-08-10 08:48:17.186  INFO 74 --- [           main] o.s.c.g.r.RouteDefinitionRouteLocator    : Loaded RoutePredicateFactory [Host]
2020-08-10 08:48:17.186  INFO 74 --- [           main] o.s.c.g.r.RouteDefinitionRouteLocator    : Loaded RoutePredicateFactory [Method]
2020-08-10 08:48:17.193  INFO 74 --- [           main] o.s.c.g.r.RouteDefinitionRouteLocator    : Loaded RoutePredicateFactory [Path]
2020-08-10 08:48:17.193  INFO 74 --- [           main] o.s.c.g.r.RouteDefinitionRouteLocator    : Loaded RoutePredicateFactory [Query]
2020-08-10 08:48:17.193  INFO 74 --- [           main] o.s.c.g.r.RouteDefinitionRouteLocator    : Loaded RoutePredicateFactory [ReadBodyPredicateFactory]
2020-08-10 08:48:17.195  INFO 74 --- [           main] o.s.c.g.r.RouteDefinitionRouteLocator    : Loaded RoutePredicateFactory [RemoteAddr]
2020-08-10 08:48:17.195  INFO 74 --- [           main] o.s.c.g.r.RouteDefinitionRouteLocator    : Loaded RoutePredicateFactory [Weight]
2020-08-10 08:48:17.199  INFO 74 --- [           main] o.s.c.g.r.RouteDefinitionRouteLocator    : Loaded RoutePredicateFactory [CloudFoundryRouteService]
2020-08-10 08:48:18.788  INFO 74 --- [           main] o.s.b.a.e.web.EndpointLinksResolver      : Exposing 3 endpoint(s) beneath base path '/actuator'
2020-08-10 08:48:20.392  INFO 74 --- [           main] c.s.k.w.TicketsWebSiteServiceTests       : Started TicketsWebSiteServiceTests in 15.336 seconds (JVM running for 19.43)
[INFO] Tests run: 1, Failures: 0, Errors: 0, Skipped: 0, Time elapsed: 16.268 s - in com.*******.knative.waitingroom.TicketsWebSiteServiceTests
[INFO] 
[INFO] Results:
[INFO] 
[INFO] Tests run: 1, Failures: 0, Errors: 0, Skipped: 0
[INFO] 
[INFO] 
[INFO] --- maven-jar-plugin:3.2.0:jar (default-jar) @ customer-waiting-room-app ---
[INFO] Building jar: /workspace/source/target/customer-waiting-room-app-0.0.7.jar
[INFO] 
[INFO] --- spring-boot-maven-plugin:2.3.2.RELEASE:repackage (repackage) @ customer-waiting-room-app ---
[INFO] Replacing main artifact with repackaged archive
[INFO] 
[INFO] --- maven-install-plugin:2.5.2:install (default-install) @ customer-waiting-room-app ---
[INFO] Installing /workspace/source/target/customer-waiting-room-app-0.0.7.jar to /home/jenkins/.mvnrepository/com/*******/knative/customer-waiting-room-app/0.0.7/customer-waiting-room-app-0.0.7.jar
[INFO] Installing /workspace/source/pom.xml to /home/jenkins/.mvnrepository/com/*******/knative/customer-waiting-room-app/0.0.7/customer-waiting-room-app-0.0.7.pom
[INFO] 
[INFO] --- maven-deploy-plugin:2.8.2:deploy (default-deploy) @ customer-waiting-room-app ---
[INFO] Using alternate deployment repository local-nexus::default::http://nexus/repository/maven-releases/
[INFO] ------------------------------------------------------------------------
[INFO] BUILD SUCCESS
[INFO] ------------------------------------------------------------------------
[INFO] Total time:  51.590 s
[INFO] Finished at: 2020-08-10T08:48:26Z
[INFO] ------------------------------------------------------------------------

Showing logs for build [32msalaboy-customer-waiting-room-a-7m9xp-7[0m stage [32mfrom-build-pack[0m and container [32mstep-build-skaffold-version[0m
v1.0.1

Showing logs for build [32msalaboy-customer-waiting-room-a-7m9xp-7[0m stage [32mfrom-build-pack[0m and container [32mstep-build-container-build[0m
E0810 08:48:29.323440       8 aws_credentials.go:77] while getting AWS credentials NoCredentialProviders: no valid providers in chain. Deprecated.
	For verbose messaging see aws.Config.CredentialsChainVerboseErrors
[36mINFO[0m[0001] Using dockerignore file: /workspace/source/.dockerignore 
[36mINFO[0m[0001] Retrieving image manifest openjdk:11-jre-slim 
E0810 08:48:29.800783       8 metadata.go:154] while reading 'google-dockercfg' metadata: http status code: 404 while fetching url http://metadata.google.internal./computeMetadata/v1/instance/attributes/google-dockercfg
E0810 08:48:29.804469       8 metadata.go:166] while reading 'google-dockercfg-url' metadata: http status code: 404 while fetching url http://metadata.google.internal./computeMetadata/v1/instance/attributes/google-dockercfg-url
[36mINFO[0m[0002] Retrieving image manifest openjdk:11-jre-slim 
[36mINFO[0m[0003] Built cross stage deps: map[]                
[36mINFO[0m[0003] Retrieving image manifest openjdk:11-jre-slim 
[36mINFO[0m[0004] Retrieving image manifest openjdk:11-jre-slim 
[36mINFO[0m[0006] Executing 0 build triggers                   
[36mINFO[0m[0006] cmd: EXPOSE                                  
[36mINFO[0m[0006] Adding exposed port: 8080/tcp                
[36mINFO[0m[0006] Resolving srcs [pom.xml target/lib*]...      
[36mINFO[0m[0006] Checking for cached layer gcr.io/camunda-researchanddevelopment/cache:f400198c6df6ca9267fe009ffebda2b1d89398ec37cdf760bf79d9bd30eebb10... 
[36mINFO[0m[0006] No cached layer found for cmd COPY pom.xml target/lib* /opt/lib/ 
[36mINFO[0m[0006] Resolving srcs [target/*.jar]...             
[36mINFO[0m[0006] Unpacking rootfs as cmd COPY pom.xml target/lib* /opt/lib/ requires it. 
[36mINFO[0m[0012] ENV PORT 8080                                
[36mINFO[0m[0012] No files changed in this command, skipping snapshotting. 
[36mINFO[0m[0012] ENV CLASSPATH /opt/lib                       
[36mINFO[0m[0012] No files changed in this command, skipping snapshotting. 
[36mINFO[0m[0012] EXPOSE 8080                                  
[36mINFO[0m[0012] cmd: EXPOSE                                  
[36mINFO[0m[0012] Adding exposed port: 8080/tcp                
[36mINFO[0m[0012] No files changed in this command, skipping snapshotting. 
[36mINFO[0m[0012] Resolving srcs [pom.xml target/lib*]...      
[36mINFO[0m[0012] COPY pom.xml target/lib* /opt/lib/           
[36mINFO[0m[0012] Resolving srcs [pom.xml target/lib*]...      
[36mINFO[0m[0012] Resolving 1 paths                            
[36mINFO[0m[0012] Taking snapshot of files...                  
[36mINFO[0m[0012] Resolving srcs [target/*.jar]...             
[36mINFO[0m[0012] Pushing layer gcr.io/camunda-researchanddevelopment/cache:f400198c6df6ca9267fe009ffebda2b1d89398ec37cdf760bf79d9bd30eebb10 to cache now 
[36mINFO[0m[0012] COPY target/*.jar /opt/app.jar               
[36mINFO[0m[0012] Resolving srcs [target/*.jar]...             
[36mINFO[0m[0012] Resolving 1 paths                            
[36mINFO[0m[0012] Taking snapshot of files...                  
[36mINFO[0m[0013] WORKDIR /opt                                 
[36mINFO[0m[0013] cmd: workdir                                 
[36mINFO[0m[0013] Changed working directory to /opt            
[36mINFO[0m[0013] No files changed in this command, skipping snapshotting. 
[36mINFO[0m[0013] CMD ["java", "-jar", "app.jar"]              
[36mINFO[0m[0013] No files changed in this command, skipping snapshotting. 
[36mINFO[0m[0013] Pushing layer gcr.io/camunda-researchanddevelopment/cache:993efff11a02cc6ed2ce24222d75b593f48c3fa301dc369e6d5ec1bab4db10fc to cache now 

Showing logs for build [32msalaboy-customer-waiting-room-a-7m9xp-7[0m stage [32mfrom-build-pack[0m and container [32mstep-build-post-build[0m
no CVE provider running in the current ** namespace so skip adding image to be analysed

Showing logs for build [32msalaboy-customer-waiting-room-a-7m9xp-7[0m stage [32mfrom-build-pack[0m and container [32mstep-promote-changelog[0m
Converted /workspace/source/charts/customer-waiting-room-app to an unshallow repository
Generating change log from git ref 08de250d3dde3de68a10ab962a01c7e6f3b9823d => 008db6dbbd1869e4f472f10546e21630ee7450c0
Associating user ******* in users.jenkins.io with email *******@gmail.com to git GitProvider user with login *******-1 as emails match
Adding label jenkins.io/git-github-userid=*******-1 to user ******* in users.jenkins.io
Associating user ******* in users.jenkins.io with email *******@gmail.com to git GitProvider user with login *******-1 as emails match
Adding label jenkins.io/git-github-userid=*******-1 to user ******* in users.jenkins.io
Finding issues in commit messages using git format
WARNING: No release found for *******/customer-waiting-room-app and tag v0.0.7 so creating a new release
Updated the release information at https://github.com/*******/customer-waiting-room-app/releases/tag/v0.0.7
generated: /workspace/source/charts/customer-waiting-room-app/templates/release.yaml
Created Release customer-waiting-room-app-0-0-7 resource in namespace **
Updating PipelineActivity *******-customer-waiting-room-app-master-7 with version 0.0.7
Updated PipelineActivities *******-customer-waiting-room-app-master-7 with release notes URL: https://github.com/*******/customer-waiting-room-app/releases/tag/v0.0.7

Showing logs for build [32msalaboy-customer-waiting-room-a-7m9xp-7[0m stage [32mfrom-build-pack[0m and container [32mstep-promote-helm-release[0m
WARNING: No $CHART_REPOSITORY defined so using the default value of: http://jenkins-x-chartmuseum:8080
Adding missing Helm repo: storage.googleapis.com https://storage.googleapis.com/chartmuseum.jenkins-x.io
Successfully added Helm repository storage.googleapis.com.
Adding missing Helm repo: jenkins-x-chartmuseum http://jenkins-x-chartmuseum:8080
Successfully added Helm repository jenkins-x-chartmuseum.
WARNING: No $CHART_REPOSITORY defined so using the default value of: http://jenkins-x-chartmuseum:8080
Uploading chart file customer-waiting-room-app-0.0.7.tgz to http://jenkins-x-chartmuseum:8080/api/charts
Received 201 response: {"saved":true}

Showing logs for build [32msalaboy-customer-waiting-room-a-7m9xp-7[0m stage [32mfrom-build-pack[0m and container [32mstep-promote-jx-promote[0m
WARNING: prow based install so skip waiting for the merge of Pull Requests to go green as currently there is an issue with gettingstatuses from the PR, see https://github.com/jenkins-x/**/issues/2410
WARNING: No $CHART_REPOSITORY defined so using the default value of: http://jenkins-x-chartmuseum:8080
Promoting app customer-waiting-room-app version 0.0.7 to namespace **-staging
Created Pull Request: https://github.com/*******/environment-zeebe-helm-new-staging/pull/66
Added label updatebot to Pull Request https://github.com/*******/environment-zeebe-helm-new-staging/pull/66
got git provider status pending from PR https://github.com/*******/environment-zeebe-helm-new-staging/pull/66
got git provider status pending from PR https://github.com/*******/environment-zeebe-helm-new-staging/pull/66
Pull Request https://github.com/*******/environment-zeebe-helm-new-staging/pull/66 is merged at sha 0319e946b06ce2e564a315496750b9ff901d7ed0
Pull Request merged but we are not waiting for the update pipeline to complete!
