
Showing logs for build [32msalaboy-customer-waiting-room-a-tvgpq-82[0m stage [32mfrom-build-pack[0m and container [32mcredential-initializer[0m
{"level":"info","ts":1603204493.4020011,"caller":"creds-init/main.go:44","msg":"Credentials initialized."}

Showing logs for build [32msalaboy-customer-waiting-room-a-tvgpq-82[0m stage [32mfrom-build-pack[0m and container [32mworking-dir-initializer[0m

Showing logs for build [32msalaboy-customer-waiting-room-a-tvgpq-82[0m stage [32mfrom-build-pack[0m and container [32mplace-tools[0m

Showing logs for build [32msalaboy-customer-waiting-room-a-tvgpq-82[0m stage [32mfrom-build-pack[0m and container [32mstep-git-source-salaboy-customer-waiting-room-a-tvgpq-9x6rx[0m
{"level":"info","ts":1603204530.1815841,"caller":"git/git.go:105","msg":"Successfully cloned https://github.com/*******/customer-waiting-room-app.git @ v0.0.82 in path /workspace/source"}
{"level":"warn","ts":1603204530.1820204,"caller":"git/git.go:152","msg":"Unexpected error: creating symlink: symlink /tekton/home/.ssh /root/.ssh: file exists"}
{"level":"info","ts":1603204530.2209306,"caller":"git/git.go:133","msg":"Successfully initialized and updated submodules in path /workspace/source"}

Showing logs for build [32msalaboy-customer-waiting-room-a-tvgpq-82[0m stage [32mfrom-build-pack[0m and container [32mstep-setup-builder-home[0m

Showing logs for build [32msalaboy-customer-waiting-room-a-tvgpq-82[0m stage [32mfrom-build-pack[0m and container [32mstep-git-merge[0m
Using SHAs from PULL_REFS=master:794c004a1e72be74f4efef57d2a6e958483be63e
WARNING: no SHAs to merge, falling back to initial cloned commit

Showing logs for build [32msalaboy-customer-waiting-room-a-tvgpq-82[0m stage [32mfrom-build-pack[0m and container [32mstep-setup-jx-git-credentials[0m
Generated Git credentials file /workspace/xdg_config/git/credentials

Showing logs for build [32msalaboy-customer-waiting-room-a-tvgpq-82[0m stage [32mfrom-build-pack[0m and container [32mstep-build-mvn-deploy[0m
Picked up _JAVA_OPTIONS: -XX:+UnlockExperimentalVMOptions -Dsun.zip.disableMemoryMapping=true -XX:+UseParallelGC -XX:MinHeapFreeRatio=5 -XX:MaxHeapFreeRatio=10 -XX:GCTimeRatio=4 -XX:AdaptiveSizePolicyWeight=90 -Xms10m -Xmx192m
[INFO] Scanning for projects...
[INFO] 
[INFO] -----------< com.*******.knative:customer-waiting-room-app >------------
[INFO] Building Knative Example :: Customer Waiting Room App 0.0.82
[INFO] --------------------------------[ jar ]---------------------------------
[INFO] 
[INFO] --- maven-clean-plugin:3.1.0:clean (default-clean) @ customer-waiting-room-app ---
[INFO] 
[INFO] --- maven-resources-plugin:3.1.0:resources (default-resources) @ customer-waiting-room-app ---
[INFO] Using 'UTF-8' encoding to copy filtered resources.
[INFO] Copying 1 resource
[INFO] Copying 19 resources
[INFO] 
[INFO] --- maven-compiler-plugin:3.8.1:compile (default-compile) @ customer-waiting-room-app ---
[INFO] Changes detected - recompiling the module!
[INFO] Compiling 3 source files to /workspace/source/target/classes
[INFO] 
[INFO] --- maven-resources-plugin:3.1.0:testResources (default-testResources) @ customer-waiting-room-app ---
[INFO] Using 'UTF-8' encoding to copy filtered resources.
[INFO] skip non existing resourceDirectory /workspace/source/src/test/resources
[INFO] 
[INFO] --- maven-compiler-plugin:3.8.1:testCompile (default-testCompile) @ customer-waiting-room-app ---
[INFO] Changes detected - recompiling the module!
[INFO] Compiling 1 source file to /workspace/source/target/test-classes
[INFO] 
[INFO] --- maven-surefire-plugin:3.0.0-M1:test (default-test) @ customer-waiting-room-app ---
[INFO] 
[INFO] -------------------------------------------------------
[INFO]  T E S T S
[INFO] -------------------------------------------------------
[WARNING] Corrupted STDOUT by directly writing to native stream in forked JVM 1. See FAQ web page and the dump file /workspace/source/target/surefire-reports/2020-10-20T14-36-18_612-jvmRun1.dumpstream
14:36:24.653 [main] DEBUG org.springframework.test.context.junit4.SpringJUnit4ClassRunner - SpringJUnit4ClassRunner constructor called with [class com.*******.knative.waitingroom.TicketsWebSiteServiceTests]
14:36:24.662 [main] DEBUG org.springframework.test.context.BootstrapUtils - Instantiating CacheAwareContextLoaderDelegate from class [org.springframework.test.context.cache.DefaultCacheAwareContextLoaderDelegate]
14:36:24.667 [main] DEBUG org.springframework.test.context.BootstrapUtils - Instantiating BootstrapContext using constructor [public org.springframework.test.context.support.DefaultBootstrapContext(java.lang.Class,org.springframework.test.context.CacheAwareContextLoaderDelegate)]
14:36:24.674 [main] DEBUG org.springframework.test.context.BootstrapUtils - Instantiating TestContextBootstrapper for test class [com.*******.knative.waitingroom.TicketsWebSiteServiceTests] from class [org.springframework.boot.test.context.SpringBootTestContextBootstrapper]
14:36:24.683 [main] INFO org.springframework.boot.test.context.SpringBootTestContextBootstrapper - Neither @ContextConfiguration nor @ContextHierarchy found for test class [com.*******.knative.waitingroom.TicketsWebSiteServiceTests], using SpringBootContextLoader
14:36:24.692 [main] DEBUG org.springframework.test.context.support.AbstractContextLoader - Did not detect default resource location for test class [com.*******.knative.waitingroom.TicketsWebSiteServiceTests]: class path resource [com/*******/knative/waitingroom/TicketsWebSiteServiceTests-context.xml] does not exist
14:36:24.700 [main] DEBUG org.springframework.test.context.support.AbstractContextLoader - Did not detect default resource location for test class [com.*******.knative.waitingroom.TicketsWebSiteServiceTests]: class path resource [com/*******/knative/waitingroom/TicketsWebSiteServiceTestsContext.groovy] does not exist
14:36:24.705 [main] INFO org.springframework.test.context.support.AbstractContextLoader - Could not detect default resource locations for test class [com.*******.knative.waitingroom.TicketsWebSiteServiceTests]: no resource found for suffixes {-context.xml, Context.groovy}.
14:36:24.712 [main] INFO org.springframework.test.context.support.AnnotationConfigContextLoaderUtils - Could not detect default configuration classes for test class [com.*******.knative.waitingroom.TicketsWebSiteServiceTests]: TicketsWebSiteServiceTests does not declare any static, non-private, non-final, nested classes annotated with @Configuration.
14:36:24.732 [main] DEBUG org.springframework.test.context.support.ActiveProfilesUtils - Could not find an 'annotation declaring class' for annotation type [org.springframework.test.context.ActiveProfiles] and class [com.*******.knative.waitingroom.TicketsWebSiteServiceTests]
14:36:24.740 [main] INFO org.springframework.boot.test.context.SpringBootTestContextBootstrapper - Found @SpringBootConfiguration com.*******.knative.waitingroom.TicketsWebSiteService for test class com.*******.knative.waitingroom.TicketsWebSiteServiceTests
14:36:24.758 [main] DEBUG org.springframework.boot.test.context.SpringBootTestContextBootstrapper - @TestExecutionListeners is not present for class [com.*******.knative.waitingroom.TicketsWebSiteServiceTests]: using defaults.
14:36:24.767 [main] INFO org.springframework.boot.test.context.SpringBootTestContextBootstrapper - Loaded default TestExecutionListener class names from location [META-INF/spring.factories]: [org.springframework.boot.test.mock.mockito.MockitoTestExecutionListener, org.springframework.boot.test.mock.mockito.ResetMocksTestExecutionListener, org.springframework.boot.test.autoconfigure.restdocs.RestDocsTestExecutionListener, org.springframework.boot.test.autoconfigure.web.client.MockRestServiceServerResetTestExecutionListener, org.springframework.boot.test.autoconfigure.web.servlet.MockMvcPrintOnlyOnFailureTestExecutionListener, org.springframework.boot.test.autoconfigure.web.servlet.WebDriverTestExecutionListener, org.springframework.boot.test.autoconfigure.webservices.client.MockWebServiceServerTestExecutionListener, org.springframework.test.context.web.ServletTestExecutionListener, org.springframework.test.context.support.DirtiesContextBeforeModesTestExecutionListener, org.springframework.test.context.support.DependencyInjectionTestExecutionListener, org.springframework.test.context.support.DirtiesContextTestExecutionListener, org.springframework.test.context.transaction.TransactionalTestExecutionListener, org.springframework.test.context.jdbc.SqlScriptsTestExecutionListener, org.springframework.test.context.event.EventPublishingTestExecutionListener]
14:36:24.784 [main] DEBUG org.springframework.boot.test.context.SpringBootTestContextBootstrapper - Skipping candidate TestExecutionListener [org.springframework.test.context.web.ServletTestExecutionListener] due to a missing dependency. Specify custom listener classes or make the default listener classes and their required dependencies available. Offending class: [javax/servlet/ServletContext]
14:36:24.794 [main] DEBUG org.springframework.boot.test.context.SpringBootTestContextBootstrapper - Skipping candidate TestExecutionListener [org.springframework.test.context.transaction.TransactionalTestExecutionListener] due to a missing dependency. Specify custom listener classes or make the default listener classes and their required dependencies available. Offending class: [org/springframework/transaction/TransactionDefinition]
14:36:24.802 [main] DEBUG org.springframework.boot.test.context.SpringBootTestContextBootstrapper - Skipping candidate TestExecutionListener [org.springframework.test.context.jdbc.SqlScriptsTestExecutionListener] due to a missing dependency. Specify custom listener classes or make the default listener classes and their required dependencies available. Offending class: [org/springframework/transaction/interceptor/TransactionAttribute]
14:36:24.808 [main] INFO org.springframework.boot.test.context.SpringBootTestContextBootstrapper - Using TestExecutionListeners: [org.springframework.test.context.support.DirtiesContextBeforeModesTestExecutionListener@5f9678e1, org.springframework.boot.test.mock.mockito.MockitoTestExecutionListener@c4ed84, org.springframework.boot.test.autoconfigure.SpringBootDependencyInjectionTestExecutionListener@189aa67a, org.springframework.test.context.support.DirtiesContextTestExecutionListener@5a9d6f02, org.springframework.test.context.event.EventPublishingTestExecutionListener@362045c0, org.springframework.boot.test.mock.mockito.ResetMocksTestExecutionListener@112f364d, org.springframework.boot.test.autoconfigure.restdocs.RestDocsTestExecutionListener@5ccbeb64, org.springframework.boot.test.autoconfigure.web.client.MockRestServiceServerResetTestExecutionListener@6d9f7a80, org.springframework.boot.test.autoconfigure.web.servlet.MockMvcPrintOnlyOnFailureTestExecutionListener@59252cb6, org.springframework.boot.test.autoconfigure.web.servlet.WebDriverTestExecutionListener@31d0e481, org.springframework.boot.test.autoconfigure.webservices.client.MockWebServiceServerTestExecutionListener@3243b914]
14:36:24.812 [main] DEBUG org.springframework.test.annotation.ProfileValueUtils - Retrieved @ProfileValueSourceConfiguration [null] for test class [com.*******.knative.waitingroom.TicketsWebSiteServiceTests]
14:36:24.814 [main] DEBUG org.springframework.test.annotation.ProfileValueUtils - Retrieved ProfileValueSource type [class org.springframework.test.annotation.SystemProfileValueSource] for class [com.*******.knative.waitingroom.TicketsWebSiteServiceTests]
14:36:24.819 [main] DEBUG org.springframework.test.annotation.ProfileValueUtils - Retrieved @ProfileValueSourceConfiguration [null] for test class [com.*******.knative.waitingroom.TicketsWebSiteServiceTests]
14:36:24.822 [main] DEBUG org.springframework.test.annotation.ProfileValueUtils - Retrieved ProfileValueSource type [class org.springframework.test.annotation.SystemProfileValueSource] for class [com.*******.knative.waitingroom.TicketsWebSiteServiceTests]
14:36:24.830 [main] DEBUG org.springframework.test.annotation.ProfileValueUtils - Retrieved @ProfileValueSourceConfiguration [null] for test class [com.*******.knative.waitingroom.TicketsWebSiteServiceTests]
14:36:24.834 [main] DEBUG org.springframework.test.annotation.ProfileValueUtils - Retrieved ProfileValueSource type [class org.springframework.test.annotation.SystemProfileValueSource] for class [com.*******.knative.waitingroom.TicketsWebSiteServiceTests]
14:36:25.081 [main] DEBUG org.springframework.test.annotation.ProfileValueUtils - Retrieved @ProfileValueSourceConfiguration [null] for test class [com.*******.knative.waitingroom.TicketsWebSiteServiceTests]
14:36:25.094 [main] DEBUG org.springframework.test.annotation.ProfileValueUtils - Retrieved ProfileValueSource type [class org.springframework.test.annotation.SystemProfileValueSource] for class [com.*******.knative.waitingroom.TicketsWebSiteServiceTests]
[INFO] Running com.*******.knative.waitingroom.TicketsWebSiteServiceTests
14:36:25.222 [main] DEBUG org.springframework.test.annotation.ProfileValueUtils - Retrieved @ProfileValueSourceConfiguration [null] for test class [com.*******.knative.waitingroom.TicketsWebSiteServiceTests]
14:36:25.226 [main] DEBUG org.springframework.test.annotation.ProfileValueUtils - Retrieved ProfileValueSource type [class org.springframework.test.annotation.SystemProfileValueSource] for class [com.*******.knative.waitingroom.TicketsWebSiteServiceTests]
14:36:25.233 [main] DEBUG org.springframework.test.annotation.ProfileValueUtils - Retrieved @ProfileValueSourceConfiguration [null] for test class [com.*******.knative.waitingroom.TicketsWebSiteServiceTests]
14:36:25.244 [main] DEBUG org.springframework.test.annotation.ProfileValueUtils - Retrieved ProfileValueSource type [class org.springframework.test.annotation.SystemProfileValueSource] for class [com.*******.knative.waitingroom.TicketsWebSiteServiceTests]
14:36:25.278 [main] DEBUG org.springframework.test.context.support.AbstractDirtiesContextTestExecutionListener - Before test class: context [DefaultTestContext@774698ab testClass = TicketsWebSiteServiceTests, testInstance = [null], testMethod = [null], testException = [null], mergedContextConfiguration = [ReactiveWebMergedContextConfiguration@55342f40 testClass = TicketsWebSiteServiceTests, locations = '{}', classes = '{class com.*******.knative.waitingroom.TicketsWebSiteService}', contextInitializerClasses = '[]', activeProfiles = '{}', propertySourceLocations = '{}', propertySourceProperties = '{org.springframework.boot.test.context.SpringBootTestContextBootstrapper=true}', contextCustomizers = set[org.springframework.boot.test.context.filter.ExcludeFilterContextCustomizer@6caf0677, org.springframework.boot.test.json.DuplicateJsonObjectContextCustomizerFactory$DuplicateJsonObjectContextCustomizer@273444fe, org.springframework.boot.test.mock.mockito.MockitoContextCustomizer@0, org.springframework.boot.test.web.client.TestRestTemplateContextCustomizer@2b40ff9c, org.springframework.boot.test.web.reactive.server.WebTestClientContextCustomizer@247310d0, org.springframework.boot.test.autoconfigure.properties.PropertyMappingContextCustomizer@0, org.springframework.boot.test.autoconfigure.web.servlet.WebDriverContextCustomizerFactory$Customizer@536f2a7e, org.springframework.boot.test.context.SpringBootTestArgs@1], contextLoader = 'org.springframework.boot.test.context.SpringBootContextLoader', parent = [null]], attributes = map[[empty]]], class annotated with @DirtiesContext [false] with mode [null].
14:36:25.301 [main] DEBUG org.springframework.test.annotation.ProfileValueUtils - Retrieved @ProfileValueSourceConfiguration [null] for test class [com.*******.knative.waitingroom.TicketsWebSiteServiceTests]
14:36:25.310 [main] DEBUG org.springframework.test.annotation.ProfileValueUtils - Retrieved ProfileValueSource type [class org.springframework.test.annotation.SystemProfileValueSource] for class [com.*******.knative.waitingroom.TicketsWebSiteServiceTests]
14:36:25.335 [main] DEBUG org.springframework.test.context.support.DependencyInjectionTestExecutionListener - Performing dependency injection for test context [[DefaultTestContext@774698ab testClass = TicketsWebSiteServiceTests, testInstance = com.*******.knative.waitingroom.TicketsWebSiteServiceTests@45e37a7e, testMethod = [null], testException = [null], mergedContextConfiguration = [ReactiveWebMergedContextConfiguration@55342f40 testClass = TicketsWebSiteServiceTests, locations = '{}', classes = '{class com.*******.knative.waitingroom.TicketsWebSiteService}', contextInitializerClasses = '[]', activeProfiles = '{}', propertySourceLocations = '{}', propertySourceProperties = '{org.springframework.boot.test.context.SpringBootTestContextBootstrapper=true}', contextCustomizers = set[org.springframework.boot.test.context.filter.ExcludeFilterContextCustomizer@6caf0677, org.springframework.boot.test.json.DuplicateJsonObjectContextCustomizerFactory$DuplicateJsonObjectContextCustomizer@273444fe, org.springframework.boot.test.mock.mockito.MockitoContextCustomizer@0, org.springframework.boot.test.web.client.TestRestTemplateContextCustomizer@2b40ff9c, org.springframework.boot.test.web.reactive.server.WebTestClientContextCustomizer@247310d0, org.springframework.boot.test.autoconfigure.properties.PropertyMappingContextCustomizer@0, org.springframework.boot.test.autoconfigure.web.servlet.WebDriverContextCustomizerFactory$Customizer@536f2a7e, org.springframework.boot.test.context.SpringBootTestArgs@1], contextLoader = 'org.springframework.boot.test.context.SpringBootContextLoader', parent = [null]], attributes = map[[empty]]]].
14:36:25.501 [main] DEBUG org.springframework.test.context.support.TestPropertySourceUtils - Adding inlined properties to environment: {spring.jmx.enabled=false, org.springframework.boot.test.context.SpringBootTestContextBootstrapper=true}

  .   ____          _            __ _ _
 /\\ / ___'_ __ _ _(_)_ __  __ _ \ \ \ \
( ( )\___ | '_ | '_| | '_ \/ _` | \ \ \ \
 \\/  ___)| |_)| | | | | || (_| |  ) ) ) )
  '  |____| .__|_| |_|_| |_\__, | / / / /
 =========|_|==============|___/=/_/_/_/
 :: Spring Boot ::        (v2.3.2.RELEASE)

2020-10-20 14:36:28.208  INFO 74 --- [           main] c.s.k.w.TicketsWebSiteServiceTests       : No active profile set, falling back to default profiles: default
2020-10-20 14:36:31.694  INFO 74 --- [           main] o.s.cloud.context.scope.GenericScope     : BeanFactory id=42fd2d6c-c76f-333d-879f-e1f0048eab8a
2020-10-20 14:36:38.434  INFO 74 --- [           main] o.s.c.g.r.RouteDefinitionRouteLocator    : Loaded RoutePredicateFactory [After]
2020-10-20 14:36:38.440  INFO 74 --- [           main] o.s.c.g.r.RouteDefinitionRouteLocator    : Loaded RoutePredicateFactory [Before]
2020-10-20 14:36:38.454  INFO 74 --- [           main] o.s.c.g.r.RouteDefinitionRouteLocator    : Loaded RoutePredicateFactory [Between]
2020-10-20 14:36:38.456  INFO 74 --- [           main] o.s.c.g.r.RouteDefinitionRouteLocator    : Loaded RoutePredicateFactory [Cookie]
2020-10-20 14:36:38.462  INFO 74 --- [           main] o.s.c.g.r.RouteDefinitionRouteLocator    : Loaded RoutePredicateFactory [Header]
2020-10-20 14:36:38.464  INFO 74 --- [           main] o.s.c.g.r.RouteDefinitionRouteLocator    : Loaded RoutePredicateFactory [Host]
2020-10-20 14:36:38.464  INFO 74 --- [           main] o.s.c.g.r.RouteDefinitionRouteLocator    : Loaded RoutePredicateFactory [Method]
2020-10-20 14:36:38.465  INFO 74 --- [           main] o.s.c.g.r.RouteDefinitionRouteLocator    : Loaded RoutePredicateFactory [Path]
2020-10-20 14:36:38.465  INFO 74 --- [           main] o.s.c.g.r.RouteDefinitionRouteLocator    : Loaded RoutePredicateFactory [Query]
2020-10-20 14:36:38.468  INFO 74 --- [           main] o.s.c.g.r.RouteDefinitionRouteLocator    : Loaded RoutePredicateFactory [ReadBodyPredicateFactory]
2020-10-20 14:36:38.471  INFO 74 --- [           main] o.s.c.g.r.RouteDefinitionRouteLocator    : Loaded RoutePredicateFactory [RemoteAddr]
2020-10-20 14:36:38.473  INFO 74 --- [           main] o.s.c.g.r.RouteDefinitionRouteLocator    : Loaded RoutePredicateFactory [Weight]
2020-10-20 14:36:38.478  INFO 74 --- [           main] o.s.c.g.r.RouteDefinitionRouteLocator    : Loaded RoutePredicateFactory [CloudFoundryRouteService]
2020-10-20 14:36:39.929  INFO 74 --- [           main] o.s.b.a.e.web.EndpointLinksResolver      : Exposing 3 endpoint(s) beneath base path '/actuator'
2020-10-20 14:36:41.538  INFO 74 --- [           main] c.s.k.w.TicketsWebSiteServiceTests       : Started TicketsWebSiteServiceTests in 15.958 seconds (JVM running for 21.728)
[INFO] Tests run: 1, Failures: 0, Errors: 0, Skipped: 0, Time elapsed: 16.999 s - in com.*******.knative.waitingroom.TicketsWebSiteServiceTests
[WARNING] ForkStarter IOException: org.springframework.test.context.CacheAwareContextLoaderDelegate)]
 using SpringBootContextLoader
 Context.groovy}.
 non-private, non-final, nested classes annotated with @Configuration.
 org.springframework.boot.test.mock.mockito.ResetMocksTestExecutionListener, org.springframework.boot.test.autoconfigure.restdocs.RestDocsTestExecutionListener, org.springframework.boot.test.autoconfigure.web.client.MockRestServiceServerResetTestExecutionListener, org.springframework.boot.test.autoconfigure.web.servlet.MockMvcPrintOnlyOnFailureTestExecutionListener, org.springframework.boot.test.autoconfigure.web.servlet.WebDriverTestExecutionListener, org.springframework.boot.test.autoconfigure.webservices.client.MockWebServiceServerTestExecutionListener, org.springframework.test.context.web.ServletTestExecutionListener, org.springframework.test.context.support.DirtiesContextBeforeModesTestExecutionListener, org.springframework.test.context.support.DependencyInjectionTestExecutionListener, org.springframework.test.context.support.DirtiesContextTestExecutionListener, org.springframework.test.context.transaction.TransactionalTestExecutionListener, org.springframework.test.context.jdbc.SqlScriptsTestExecutionListener, org.springframework.test.context.event.EventPublishingTestExecutionListener]
 org.springframework.boot.test.mock.mockito.MockitoTestExecutionListener@4612b856, org.springframework.boot.test.autoconfigure.SpringBootDependencyInjectionTestExecutionListener@22875539, org.springframework.test.context.support.DirtiesContextTestExecutionListener@5674e1f2, org.springframework.test.context.event.EventPublishingTestExecutionListener@79c7532f, org.springframework.boot.test.mock.mockito.ResetMocksTestExecutionListener@2a448449, org.springframework.boot.test.autoconfigure.restdocs.RestDocsTestExecutionListener@32f232a5, org.springframework.boot.test.autoconfigure.web.client.MockRestServiceServerResetTestExecutionListener@43f82e78, org.springframework.boot.test.autoconfigure.web.servlet.MockMvcPrintOnlyOnFailureTestExecutionListener@e54303, org.springframework.boot.test.autoconfigure.web.servlet.WebDriverTestExecutionListener@e8df99a, org.springframework.boot.test.autoconfigure.webservices.client.MockWebServiceServerTestExecutionListener@2dc995f4]. See the dump file /workspace/source/target/surefire-reports/2020-10-20T14-36-18_612-jvmRun1.dumpstream
[INFO] 
[INFO] Results:
[INFO] 
[INFO] Tests run: 1, Failures: 0, Errors: 0, Skipped: 0
[INFO] 
[INFO] 
[INFO] --- maven-jar-plugin:3.2.0:jar (default-jar) @ customer-waiting-room-app ---
[INFO] Building jar: /workspace/source/target/customer-waiting-room-app-0.0.82.jar
[INFO] 
[INFO] --- spring-boot-maven-plugin:2.3.2.RELEASE:repackage (repackage) @ customer-waiting-room-app ---
[INFO] Replacing main artifact with repackaged archive
[INFO] 
[INFO] --- maven-install-plugin:2.5.2:install (default-install) @ customer-waiting-room-app ---
[INFO] Installing /workspace/source/target/customer-waiting-room-app-0.0.82.jar to /home/jenkins/.mvnrepository/com/*******/knative/customer-waiting-room-app/0.0.82/customer-waiting-room-app-0.0.82.jar
[INFO] Installing /workspace/source/pom.xml to /home/jenkins/.mvnrepository/com/*******/knative/customer-waiting-room-app/0.0.82/customer-waiting-room-app-0.0.82.pom
[INFO] 
[INFO] --- maven-deploy-plugin:2.8.2:deploy (default-deploy) @ customer-waiting-room-app ---
[INFO] Using alternate deployment repository local-nexus::default::http://nexus/repository/maven-releases/
[INFO] ------------------------------------------------------------------------
[INFO] BUILD SUCCESS
[INFO] ------------------------------------------------------------------------
[INFO] Total time:  01:12 min
[INFO] Finished at: 2020-10-20T14:36:51Z
[INFO] ------------------------------------------------------------------------

Showing logs for build [32msalaboy-customer-waiting-room-a-tvgpq-82[0m stage [32mfrom-build-pack[0m and container [32mstep-build-skaffold-version[0m
v1.0.1

Showing logs for build [32msalaboy-customer-waiting-room-a-tvgpq-82[0m stage [32mfrom-build-pack[0m and container [32mstep-build-container-build[0m
E1020 14:36:53.461591       9 aws_credentials.go:77] while getting AWS credentials NoCredentialProviders: no valid providers in chain. Deprecated.
	For verbose messaging see aws.Config.CredentialsChainVerboseErrors
[36mINFO[0m[0001] Retrieving image manifest openjdk:11-jre-slim 
E1020 14:36:53.945724       9 metadata.go:154] while reading 'google-dockercfg' metadata: http status code: 404 while fetching url http://metadata.google.internal./computeMetadata/v1/instance/attributes/google-dockercfg
E1020 14:36:53.949913       9 metadata.go:166] while reading 'google-dockercfg-url' metadata: http status code: 404 while fetching url http://metadata.google.internal./computeMetadata/v1/instance/attributes/google-dockercfg-url
[36mINFO[0m[0002] Retrieving image manifest openjdk:11-jre-slim 
[36mINFO[0m[0003] Built cross stage deps: map[]                
[36mINFO[0m[0003] Retrieving image manifest openjdk:11-jre-slim 
[36mINFO[0m[0004] Retrieving image manifest openjdk:11-jre-slim 
[36mINFO[0m[0005] Executing 0 build triggers                   
[36mINFO[0m[0005] cmd: EXPOSE                                  
[36mINFO[0m[0005] Adding exposed port: 8080/tcp                
[36mINFO[0m[0005] Resolving srcs [pom.xml target/lib*]...      
[36mINFO[0m[0005] Checking for cached layer gcr.io/camunda-researchanddevelopment/cache:675cfeed89deb0de1ce4799f07397e59917b04f67292e9b0c73ef00e1bb2a8a0... 
[36mINFO[0m[0005] No cached layer found for cmd COPY pom.xml target/lib* /opt/lib/ 
[36mINFO[0m[0005] Resolving srcs [target/*.jar]...             
[36mINFO[0m[0006] Unpacking rootfs as cmd COPY pom.xml target/lib* /opt/lib/ requires it. 
[36mINFO[0m[0010] ENV PORT 8080                                
[36mINFO[0m[0010] No files changed in this command, skipping snapshotting. 
[36mINFO[0m[0010] ENV CLASSPATH /opt/lib                       
[36mINFO[0m[0010] No files changed in this command, skipping snapshotting. 
[36mINFO[0m[0010] EXPOSE 8080                                  
[36mINFO[0m[0010] cmd: EXPOSE                                  
[36mINFO[0m[0010] Adding exposed port: 8080/tcp                
[36mINFO[0m[0010] No files changed in this command, skipping snapshotting. 
[36mINFO[0m[0010] Resolving srcs [pom.xml target/lib*]...      
[36mINFO[0m[0010] COPY pom.xml target/lib* /opt/lib/           
[36mINFO[0m[0010] Resolving srcs [pom.xml target/lib*]...      
[36mINFO[0m[0010] Resolving 1 paths                            
[36mINFO[0m[0010] Taking snapshot of files...                  
[36mINFO[0m[0010] Resolving srcs [target/*.jar]...             
[36mINFO[0m[0010] Pushing layer gcr.io/camunda-researchanddevelopment/cache:675cfeed89deb0de1ce4799f07397e59917b04f67292e9b0c73ef00e1bb2a8a0 to cache now 
[36mINFO[0m[0010] COPY target/*.jar /opt/app.jar               
[36mINFO[0m[0010] Resolving srcs [target/*.jar]...             
[36mINFO[0m[0010] Resolving 1 paths                            
[36mINFO[0m[0010] Taking snapshot of files...                  
[36mINFO[0m[0011] Pushing layer gcr.io/camunda-researchanddevelopment/cache:410dede6a4f0763270a577d08fb78e47a4fc04626a5cadf1bc0b0badc33f33fe to cache now 
[36mINFO[0m[0012] WORKDIR /opt                                 
[36mINFO[0m[0012] cmd: workdir                                 
[36mINFO[0m[0012] Changed working directory to /opt            
[36mINFO[0m[0012] No files changed in this command, skipping snapshotting. 
[36mINFO[0m[0012] CMD ["java", "-jar", "app.jar"]              
[36mINFO[0m[0012] No files changed in this command, skipping snapshotting. 

Showing logs for build [32msalaboy-customer-waiting-room-a-tvgpq-82[0m stage [32mfrom-build-pack[0m and container [32mstep-build-post-build[0m
no CVE provider running in the current ** namespace so skip adding image to be analysed

Showing logs for build [32msalaboy-customer-waiting-room-a-tvgpq-82[0m stage [32mfrom-build-pack[0m and container [32mstep-promote-changelog[0m
/bin/sh: line 0: cd: /workspace/source/charts/customer-waiting-room-app: No such file or directory
[31m
Pipeline failed on stage 'from-build-pack' : container 'step-promote-changelog'. The execution of the pipeline has stopped.[0m
